<?xml version="1.0" encoding="UTF-8"?>
<!-- Generated by org.testng.reporters.JUnitReportReporter -->
<testsuite skipped="0" hostname="KAVITHA-PC" name="com.qa.application.testcases.WindowPopupTest" tests="3" failures="0" timestamp="07 Aug 2019 15:33:30 GMT" time="30.071" errors="0">
  <testcase name="pageTest" time="1.180" classname="com.qa.application.testcases.WindowPopupTest"/>
  <testcase name="singleWindowPopup_Test" time="7.129" classname="com.qa.application.testcases.WindowPopupTest"/>
  <testcase name="multiWindowPopup_Test" time="21.762" classname="com.qa.application.testcases.WindowPopupTest"/>
</testsuite> <!-- com.qa.application.testcases.WindowPopupTest -->
