<?xml version="1.0" encoding="UTF-8"?>
<!-- Generated by org.testng.reporters.JUnitReportReporter -->
<testsuite skipped="0" hostname="KAVITHA-PC" name="com.qa.application.testcases.CheckboxDemoTest" tests="3" failures="0" timestamp="05 Aug 2019 21:00:13 GMT" time="2.789" errors="0">
  <testcase name="pageTest" time="1.976" classname="com.qa.application.testcases.CheckboxDemoTest"/>
  <testcase name="singleCheckboxTest" time="0.269" classname="com.qa.application.testcases.CheckboxDemoTest"/>
  <testcase name="multipleCheckboxTest" time="0.544" classname="com.qa.application.testcases.CheckboxDemoTest"/>
</testsuite> <!-- com.qa.application.testcases.CheckboxDemoTest -->
