<?xml version="1.0" encoding="UTF-8"?>
<!-- Generated by org.testng.reporters.JUnitReportReporter -->
<testsuite skipped="0" hostname="KAVITHA-PC" name="com.qa.application.testcases.SimpleFormDemoTest" tests="3" failures="0" timestamp="13 Aug 2019 19:28:49 GMT" time="2.338" errors="0">
  <testcase name="pageTest" time="1.199" classname="com.qa.application.testcases.SimpleFormDemoTest"/>
  <testcase name="twoInputTest" time="0.536" classname="com.qa.application.testcases.SimpleFormDemoTest"/>
  <testcase name="singleInputTest" time="0.603" classname="com.qa.application.testcases.SimpleFormDemoTest"/>
</testsuite> <!-- com.qa.application.testcases.SimpleFormDemoTest -->
