<?xml version="1.0" encoding="UTF-8"?>
<!-- Generated by org.testng.reporters.JUnitReportReporter -->
<testsuite skipped="0" hostname="KAVITHA-PC" name="com.qa.application.testcases.JSalertTest" tests="4" failures="0" timestamp="09 Aug 2019 16:14:50 GMT" time="2.040" errors="0">
  <testcase name="pageTest" time="0.948" classname="com.qa.application.testcases.JSalertTest"/>
  <testcase name="promptBoxTest" time="0.430" classname="com.qa.application.testcases.JSalertTest"/>
  <testcase name="acceptReject_AlertTest" time="0.397" classname="com.qa.application.testcases.JSalertTest"/>
  <testcase name="alertBoxTest" time="0.265" classname="com.qa.application.testcases.JSalertTest"/>
</testsuite> <!-- com.qa.application.testcases.JSalertTest -->
