<?xml version="1.0" encoding="UTF-8"?>
<!-- Generated by org.testng.reporters.JUnitReportReporter -->
<testsuite skipped="0" hostname="KAVITHA-PC" name="com.qa.application.testcases.RadioButtonsDemoTest" tests="3" failures="0" timestamp="09 Aug 2019 16:11:55 GMT" time="1.999" errors="0">
  <testcase name="pageTest" time="0.995" classname="com.qa.application.testcases.RadioButtonsDemoTest"/>
  <testcase name="radioBtnTest" time="0.477" classname="com.qa.application.testcases.RadioButtonsDemoTest"/>
  <testcase name="groupRadioBtnTest" time="0.527" classname="com.qa.application.testcases.RadioButtonsDemoTest"/>
</testsuite> <!-- com.qa.application.testcases.RadioButtonsDemoTest -->
