<?xml version="1.0" encoding="UTF-8"?>
<!-- Generated by org.testng.reporters.JUnitReportReporter -->
<testsuite skipped="0" hostname="KAVITHA-PC" name="com.qa.application.testcases.HomePageTest" tests="1" failures="0" timestamp="09 Aug 2019 16:19:49 GMT" time="0.057" errors="0">
  <testcase name="homepageTest" time="0.057" classname="com.qa.application.testcases.HomePageTest"/>
</testsuite> <!-- com.qa.application.testcases.HomePageTest -->
